{"/Users/justingillespie/Github/Allok8/__test__/mock-data/api-token-mock-data.js": {"path":"/Users/justingillespie/Github/Allok8/__test__/mock-data/api-token-mock-data.js","statementMap":{},"fnMap":{},"branchMap":{},"s":{},"f":{},"b":{},"_coverageSchema":"1a1c01bbd47fc00a2c39e90264f33305004495a9","hash":"aaa1140abc008ddd701cb9b6890dbd03666befd1"}
,"/Users/justingillespie/Github/Allok8/server/controllers/curlController.js": {"path":"/Users/justingillespie/Github/Allok8/server/controllers/curlController.js","statementMap":{"0":{"start":{"line":1,"column":12},"end":{"line":1,"column":31}},"1":{"start":{"line":3,"column":11},"end":{"line":3,"column":13}},"2":{"start":{"line":5,"column":0},"end":{"line":41,"column":2}},"3":{"start":{"line":7,"column":23},"end":{"line":7,"column":31}},"4":{"start":{"line":8,"column":2},"end":{"line":11,"column":3}},"5":{"start":{"line":9,"column":4},"end":{"line":9,"column":25}},"6":{"start":{"line":10,"column":4},"end":{"line":10,"column":29}},"7":{"start":{"line":12,"column":2},"end":{"line":40,"column":4}},"8":{"start":{"line":16,"column":6},"end":{"line":18,"column":7}},"9":{"start":{"line":17,"column":8},"end":{"line":17,"column":25}},"10":{"start":{"line":19,"column":18},"end":{"line":19,"column":34}},"11":{"start":{"line":21,"column":28},"end":{"line":21,"column":30}},"12":{"start":{"line":22,"column":29},"end":{"line":22,"column":31}},"13":{"start":{"line":24,"column":6},"end":{"line":32,"column":9}},"14":{"start":{"line":26,"column":8},"end":{"line":28,"column":9}},"15":{"start":{"line":27,"column":10},"end":{"line":27,"column":49}},"16":{"start":{"line":31,"column":8},"end":{"line":31,"column":57}},"17":{"start":{"line":33,"column":6},"end":{"line":36,"column":8}},"18":{"start":{"line":38,"column":6},"end":{"line":38,"column":20}},"19":{"start":{"line":44,"column":0},"end":{"line":85,"column":2}},"20":{"start":{"line":46,"column":23},"end":{"line":46,"column":31}},"21":{"start":{"line":47,"column":2},"end":{"line":50,"column":3}},"22":{"start":{"line":48,"column":4},"end":{"line":48,"column":25}},"23":{"start":{"line":49,"column":4},"end":{"line":49,"column":29}},"24":{"start":{"line":52,"column":20},"end":{"line":52,"column":29}},"25":{"start":{"line":53,"column":2},"end":{"line":84,"column":4}},"26":{"start":{"line":57,"column":6},"end":{"line":59,"column":7}},"27":{"start":{"line":58,"column":8},"end":{"line":58,"column":25}},"28":{"start":{"line":60,"column":18},"end":{"line":60,"column":34}},"29":{"start":{"line":61,"column":27},"end":{"line":61,"column":29}},"30":{"start":{"line":62,"column":22},"end":{"line":62,"column":24}},"31":{"start":{"line":66,"column":6},"end":{"line":75,"column":7}},"32":{"start":{"line":69,"column":8},"end":{"line":74,"column":9}},"33":{"start":{"line":71,"column":10},"end":{"line":71,"column":56}},"34":{"start":{"line":73,"column":10},"end":{"line":73,"column":61}},"35":{"start":{"line":77,"column":6},"end":{"line":80,"column":8}},"36":{"start":{"line":82,"column":6},"end":{"line":82,"column":20}},"37":{"start":{"line":87,"column":0},"end":{"line":109,"column":2}},"38":{"start":{"line":89,"column":23},"end":{"line":89,"column":31}},"39":{"start":{"line":90,"column":2},"end":{"line":93,"column":3}},"40":{"start":{"line":91,"column":4},"end":{"line":91,"column":25}},"41":{"start":{"line":92,"column":4},"end":{"line":92,"column":29}},"42":{"start":{"line":95,"column":2},"end":{"line":108,"column":4}},"43":{"start":{"line":99,"column":6},"end":{"line":101,"column":7}},"44":{"start":{"line":100,"column":8},"end":{"line":100,"column":25}},"45":{"start":{"line":103,"column":6},"end":{"line":103,"column":46}},"46":{"start":{"line":106,"column":6},"end":{"line":106,"column":20}},"47":{"start":{"line":111,"column":0},"end":{"line":133,"column":2}},"48":{"start":{"line":113,"column":23},"end":{"line":113,"column":31}},"49":{"start":{"line":114,"column":2},"end":{"line":117,"column":3}},"50":{"start":{"line":115,"column":4},"end":{"line":115,"column":25}},"51":{"start":{"line":116,"column":4},"end":{"line":116,"column":29}},"52":{"start":{"line":119,"column":20},"end":{"line":119,"column":29}},"53":{"start":{"line":120,"column":2},"end":{"line":132,"column":4}},"54":{"start":{"line":124,"column":6},"end":{"line":126,"column":7}},"55":{"start":{"line":125,"column":8},"end":{"line":125,"column":25}},"56":{"start":{"line":127,"column":6},"end":{"line":127,"column":45}},"57":{"start":{"line":130,"column":6},"end":{"line":130,"column":20}},"58":{"start":{"line":135,"column":0},"end":{"line":166,"column":1}},"59":{"start":{"line":136,"column":54},"end":{"line":136,"column":64}},"60":{"start":{"line":137,"column":2},"end":{"line":164,"column":4}},"61":{"start":{"line":138,"column":4},"end":{"line":143,"column":6}},"62":{"start":{"line":139,"column":6},"end":{"line":142,"column":7}},"63":{"start":{"line":140,"column":8},"end":{"line":140,"column":65}},"64":{"start":{"line":141,"column":8},"end":{"line":141,"column":55}},"65":{"start":{"line":144,"column":4},"end":{"line":146,"column":5}},"66":{"start":{"line":145,"column":6},"end":{"line":145,"column":53}},"67":{"start":{"line":149,"column":4},"end":{"line":163,"column":4}},"68":{"start":{"line":150,"column":27},"end":{"line":150,"column":66}},"69":{"start":{"line":152,"column":6},"end":{"line":157,"column":8}},"70":{"start":{"line":154,"column":8},"end":{"line":156,"column":9}},"71":{"start":{"line":155,"column":10},"end":{"line":155,"column":57}},"72":{"start":{"line":159,"column":6},"end":{"line":161,"column":7}},"73":{"start":{"line":160,"column":8},"end":{"line":160,"column":82}},"74":{"start":{"line":165,"column":2},"end":{"line":165,"column":15}},"75":{"start":{"line":169,"column":0},"end":{"line":169,"column":20}}},"fnMap":{"0":{"name":"(anonymous_0)","decl":{"start":{"line":5,"column":17},"end":{"line":5,"column":18}},"loc":{"start":{"line":5,"column":37},"end":{"line":41,"column":1}},"line":5},"1":{"name":"(anonymous_1)","decl":{"start":{"line":14,"column":4},"end":{"line":14,"column":5}},"loc":{"start":{"line":14,"column":27},"end":{"line":39,"column":5}},"line":14},"2":{"name":"(anonymous_2)","decl":{"start":{"line":24,"column":24},"end":{"line":24,"column":25}},"loc":{"start":{"line":24,"column":34},"end":{"line":32,"column":7}},"line":24},"3":{"name":"(anonymous_3)","decl":{"start":{"line":44,"column":16},"end":{"line":44,"column":17}},"loc":{"start":{"line":44,"column":36},"end":{"line":85,"column":1}},"line":44},"4":{"name":"(anonymous_4)","decl":{"start":{"line":55,"column":4},"end":{"line":55,"column":5}},"loc":{"start":{"line":55,"column":27},"end":{"line":83,"column":5}},"line":55},"5":{"name":"(anonymous_5)","decl":{"start":{"line":87,"column":19},"end":{"line":87,"column":20}},"loc":{"start":{"line":87,"column":39},"end":{"line":109,"column":1}},"line":87},"6":{"name":"(anonymous_6)","decl":{"start":{"line":97,"column":4},"end":{"line":97,"column":5}},"loc":{"start":{"line":97,"column":27},"end":{"line":107,"column":5}},"line":97},"7":{"name":"(anonymous_7)","decl":{"start":{"line":111,"column":18},"end":{"line":111,"column":19}},"loc":{"start":{"line":111,"column":38},"end":{"line":133,"column":1}},"line":111},"8":{"name":"(anonymous_8)","decl":{"start":{"line":122,"column":4},"end":{"line":122,"column":5}},"loc":{"start":{"line":122,"column":27},"end":{"line":131,"column":5}},"line":122},"9":{"name":"(anonymous_9)","decl":{"start":{"line":135,"column":19},"end":{"line":135,"column":20}},"loc":{"start":{"line":135,"column":39},"end":{"line":166,"column":1}},"line":135},"10":{"name":"(anonymous_10)","decl":{"start":{"line":137,"column":47},"end":{"line":137,"column":48}},"loc":{"start":{"line":137,"column":59},"end":{"line":164,"column":3}},"line":137},"11":{"name":"(anonymous_11)","decl":{"start":{"line":138,"column":28},"end":{"line":138,"column":29}},"loc":{"start":{"line":138,"column":40},"end":{"line":143,"column":5}},"line":138},"12":{"name":"(anonymous_12)","decl":{"start":{"line":149,"column":42},"end":{"line":149,"column":43}},"loc":{"start":{"line":149,"column":53},"end":{"line":163,"column":3}},"line":149},"13":{"name":"(anonymous_13)","decl":{"start":{"line":152,"column":29},"end":{"line":152,"column":30}},"loc":{"start":{"line":152,"column":40},"end":{"line":157,"column":7}},"line":152}},"branchMap":{"0":{"loc":{"start":{"line":8,"column":2},"end":{"line":11,"column":3}},"type":"if","locations":[{"start":{"line":8,"column":2},"end":{"line":11,"column":3}},{"start":{"line":8,"column":2},"end":{"line":11,"column":3}}],"line":8},"1":{"loc":{"start":{"line":8,"column":6},"end":{"line":8,"column":20}},"type":"binary-expr","locations":[{"start":{"line":8,"column":6},"end":{"line":8,"column":10}},{"start":{"line":8,"column":14},"end":{"line":8,"column":20}}],"line":8},"2":{"loc":{"start":{"line":16,"column":6},"end":{"line":18,"column":7}},"type":"if","locations":[{"start":{"line":16,"column":6},"end":{"line":18,"column":7}},{"start":{"line":16,"column":6},"end":{"line":18,"column":7}}],"line":16},"3":{"loc":{"start":{"line":26,"column":8},"end":{"line":28,"column":9}},"type":"if","locations":[{"start":{"line":26,"column":8},"end":{"line":28,"column":9}},{"start":{"line":26,"column":8},"end":{"line":28,"column":9}}],"line":26},"4":{"loc":{"start":{"line":47,"column":2},"end":{"line":50,"column":3}},"type":"if","locations":[{"start":{"line":47,"column":2},"end":{"line":50,"column":3}},{"start":{"line":47,"column":2},"end":{"line":50,"column":3}}],"line":47},"5":{"loc":{"start":{"line":47,"column":6},"end":{"line":47,"column":20}},"type":"binary-expr","locations":[{"start":{"line":47,"column":6},"end":{"line":47,"column":10}},{"start":{"line":47,"column":14},"end":{"line":47,"column":20}}],"line":47},"6":{"loc":{"start":{"line":57,"column":6},"end":{"line":59,"column":7}},"type":"if","locations":[{"start":{"line":57,"column":6},"end":{"line":59,"column":7}},{"start":{"line":57,"column":6},"end":{"line":59,"column":7}}],"line":57},"7":{"loc":{"start":{"line":69,"column":8},"end":{"line":74,"column":9}},"type":"if","locations":[{"start":{"line":69,"column":8},"end":{"line":74,"column":9}},{"start":{"line":69,"column":8},"end":{"line":74,"column":9}}],"line":69},"8":{"loc":{"start":{"line":90,"column":2},"end":{"line":93,"column":3}},"type":"if","locations":[{"start":{"line":90,"column":2},"end":{"line":93,"column":3}},{"start":{"line":90,"column":2},"end":{"line":93,"column":3}}],"line":90},"9":{"loc":{"start":{"line":90,"column":6},"end":{"line":90,"column":20}},"type":"binary-expr","locations":[{"start":{"line":90,"column":6},"end":{"line":90,"column":10}},{"start":{"line":90,"column":14},"end":{"line":90,"column":20}}],"line":90},"10":{"loc":{"start":{"line":99,"column":6},"end":{"line":101,"column":7}},"type":"if","locations":[{"start":{"line":99,"column":6},"end":{"line":101,"column":7}},{"start":{"line":99,"column":6},"end":{"line":101,"column":7}}],"line":99},"11":{"loc":{"start":{"line":114,"column":2},"end":{"line":117,"column":3}},"type":"if","locations":[{"start":{"line":114,"column":2},"end":{"line":117,"column":3}},{"start":{"line":114,"column":2},"end":{"line":117,"column":3}}],"line":114},"12":{"loc":{"start":{"line":114,"column":6},"end":{"line":114,"column":20}},"type":"binary-expr","locations":[{"start":{"line":114,"column":6},"end":{"line":114,"column":10}},{"start":{"line":114,"column":14},"end":{"line":114,"column":20}}],"line":114},"13":{"loc":{"start":{"line":124,"column":6},"end":{"line":126,"column":7}},"type":"if","locations":[{"start":{"line":124,"column":6},"end":{"line":126,"column":7}},{"start":{"line":124,"column":6},"end":{"line":126,"column":7}}],"line":124},"14":{"loc":{"start":{"line":139,"column":6},"end":{"line":142,"column":7}},"type":"if","locations":[{"start":{"line":139,"column":6},"end":{"line":142,"column":7}},{"start":{"line":139,"column":6},"end":{"line":142,"column":7}}],"line":139},"15":{"loc":{"start":{"line":144,"column":4},"end":{"line":146,"column":5}},"type":"if","locations":[{"start":{"line":144,"column":4},"end":{"line":146,"column":5}},{"start":{"line":144,"column":4},"end":{"line":146,"column":5}}],"line":144},"16":{"loc":{"start":{"line":154,"column":8},"end":{"line":156,"column":9}},"type":"if","locations":[{"start":{"line":154,"column":8},"end":{"line":156,"column":9}},{"start":{"line":154,"column":8},"end":{"line":156,"column":9}}],"line":154},"17":{"loc":{"start":{"line":159,"column":6},"end":{"line":161,"column":7}},"type":"if","locations":[{"start":{"line":159,"column":6},"end":{"line":161,"column":7}},{"start":{"line":159,"column":6},"end":{"line":161,"column":7}}],"line":159}},"s":{"0":1,"1":1,"2":1,"3":1,"4":1,"5":1,"6":1,"7":1,"8":0,"9":0,"10":0,"11":0,"12":0,"13":0,"14":0,"15":0,"16":0,"17":0,"18":0,"19":1,"20":0,"21":0,"22":0,"23":0,"24":0,"25":0,"26":0,"27":0,"28":0,"29":0,"30":0,"31":0,"32":0,"33":0,"34":0,"35":0,"36":0,"37":1,"38":0,"39":0,"40":0,"41":0,"42":0,"43":0,"44":0,"45":0,"46":0,"47":1,"48":0,"49":0,"50":0,"51":0,"52":0,"53":0,"54":0,"55":0,"56":0,"57":0,"58":1,"59":0,"60":0,"61":0,"62":0,"63":0,"64":0,"65":0,"66":0,"67":0,"68":0,"69":0,"70":0,"71":0,"72":0,"73":0,"74":0,"75":1},"f":{"0":1,"1":0,"2":0,"3":0,"4":0,"5":0,"6":0,"7":0,"8":0,"9":0,"10":0,"11":0,"12":0,"13":0},"b":{"0":[1,0],"1":[1,1],"2":[0,0],"3":[0,0],"4":[0,0],"5":[0,0],"6":[0,0],"7":[0,0],"8":[0,0],"9":[0,0],"10":[0,0],"11":[0,0],"12":[0,0],"13":[0,0],"14":[0,0],"15":[0,0],"16":[0,0],"17":[0,0]},"_coverageSchema":"1a1c01bbd47fc00a2c39e90264f33305004495a9","hash":"d641a964268f7cfeb291e6fca955569266a93e6c"}
,"/Users/justingillespie/Github/Allok8/server/controllers/dbGet.js": {"path":"/Users/justingillespie/Github/Allok8/server/controllers/dbGet.js","statementMap":{"0":{"start":{"line":1,"column":11},"end":{"line":1,"column":42}},"1":{"start":{"line":2,"column":14},"end":{"line":2,"column":16}},"2":{"start":{"line":4,"column":0},"end":{"line":20,"column":2}},"3":{"start":{"line":5,"column":2},"end":{"line":19,"column":4}},"4":{"start":{"line":14,"column":6},"end":{"line":14,"column":32}},"5":{"start":{"line":14,"column":15},"end":{"line":14,"column":32}},"6":{"start":{"line":15,"column":22},"end":{"line":15,"column":33}},"7":{"start":{"line":16,"column":6},"end":{"line":16,"column":37}},"8":{"start":{"line":17,"column":6},"end":{"line":17,"column":20}},"9":{"start":{"line":21,"column":0},"end":{"line":36,"column":2}},"10":{"start":{"line":22,"column":2},"end":{"line":35,"column":4}},"11":{"start":{"line":30,"column":6},"end":{"line":30,"column":32}},"12":{"start":{"line":30,"column":15},"end":{"line":30,"column":32}},"13":{"start":{"line":31,"column":22},"end":{"line":31,"column":33}},"14":{"start":{"line":32,"column":6},"end":{"line":32,"column":37}},"15":{"start":{"line":33,"column":6},"end":{"line":33,"column":20}},"16":{"start":{"line":37,"column":0},"end":{"line":58,"column":2}},"17":{"start":{"line":38,"column":28},"end":{"line":38,"column":36}},"18":{"start":{"line":39,"column":2},"end":{"line":57,"column":4}},"19":{"start":{"line":52,"column":6},"end":{"line":52,"column":32}},"20":{"start":{"line":52,"column":15},"end":{"line":52,"column":32}},"21":{"start":{"line":53,"column":22},"end":{"line":53,"column":33}},"22":{"start":{"line":54,"column":6},"end":{"line":54,"column":44}},"23":{"start":{"line":55,"column":6},"end":{"line":55,"column":20}},"24":{"start":{"line":59,"column":0},"end":{"line":82,"column":2}},"25":{"start":{"line":60,"column":23},"end":{"line":60,"column":31}},"26":{"start":{"line":61,"column":2},"end":{"line":81,"column":4}},"27":{"start":{"line":76,"column":6},"end":{"line":76,"column":32}},"28":{"start":{"line":76,"column":15},"end":{"line":76,"column":32}},"29":{"start":{"line":77,"column":22},"end":{"line":77,"column":33}},"30":{"start":{"line":78,"column":6},"end":{"line":78,"column":44}},"31":{"start":{"line":79,"column":6},"end":{"line":79,"column":20}},"32":{"start":{"line":83,"column":0},"end":{"line":104,"column":1}},"33":{"start":{"line":84,"column":22},"end":{"line":84,"column":30}},"34":{"start":{"line":85,"column":2},"end":{"line":103,"column":4}},"35":{"start":{"line":98,"column":4},"end":{"line":98,"column":30}},"36":{"start":{"line":98,"column":13},"end":{"line":98,"column":30}},"37":{"start":{"line":99,"column":20},"end":{"line":99,"column":31}},"38":{"start":{"line":100,"column":4},"end":{"line":100,"column":42}},"39":{"start":{"line":101,"column":4},"end":{"line":101,"column":32}},"40":{"start":{"line":102,"column":4},"end":{"line":102,"column":18}},"41":{"start":{"line":106,"column":0},"end":{"line":133,"column":2}},"42":{"start":{"line":107,"column":19},"end":{"line":107,"column":27}},"43":{"start":{"line":108,"column":31},"end":{"line":108,"column":41}},"44":{"start":{"line":109,"column":17},"end":{"line":109,"column":19}},"45":{"start":{"line":110,"column":2},"end":{"line":130,"column":3}},"46":{"start":{"line":110,"column":15},"end":{"line":110,"column":16}},"47":{"start":{"line":111,"column":22},"end":{"line":111,"column":41}},"48":{"start":{"line":113,"column":35},"end":{"line":113,"column":44}},"49":{"start":{"line":114,"column":24},"end":{"line":114,"column":39}},"50":{"start":{"line":115,"column":25},"end":{"line":115,"column":70}},"51":{"start":{"line":117,"column":4},"end":{"line":125,"column":5}},"52":{"start":{"line":118,"column":6},"end":{"line":121,"column":8}},"53":{"start":{"line":122,"column":6},"end":{"line":122,"column":33}},"54":{"start":{"line":124,"column":6},"end":{"line":124,"column":45}},"55":{"start":{"line":126,"column":4},"end":{"line":129,"column":7}},"56":{"start":{"line":131,"column":2},"end":{"line":131,"column":36}},"57":{"start":{"line":132,"column":2},"end":{"line":132,"column":16}},"58":{"start":{"line":135,"column":0},"end":{"line":142,"column":2}},"59":{"start":{"line":136,"column":2},"end":{"line":140,"column":3}},"60":{"start":{"line":136,"column":15},"end":{"line":136,"column":16}},"61":{"start":{"line":137,"column":4},"end":{"line":139,"column":5}},"62":{"start":{"line":138,"column":6},"end":{"line":138,"column":15}},"63":{"start":{"line":141,"column":2},"end":{"line":141,"column":12}},"64":{"start":{"line":143,"column":0},"end":{"line":179,"column":2}},"65":{"start":{"line":144,"column":24},"end":{"line":144,"column":34}},"66":{"start":{"line":145,"column":19},"end":{"line":145,"column":21}},"67":{"start":{"line":146,"column":2},"end":{"line":176,"column":5}},"68":{"start":{"line":147,"column":21},"end":{"line":147,"column":35}},"69":{"start":{"line":148,"column":26},"end":{"line":148,"column":45}},"70":{"start":{"line":149,"column":20},"end":{"line":149,"column":33}},"71":{"start":{"line":152,"column":20},"end":{"line":152,"column":63}},"72":{"start":{"line":153,"column":4},"end":{"line":162,"column":5}},"73":{"start":{"line":154,"column":6},"end":{"line":157,"column":8}},"74":{"start":{"line":158,"column":6},"end":{"line":158,"column":34}},"75":{"start":{"line":159,"column":6},"end":{"line":159,"column":30}},"76":{"start":{"line":161,"column":6},"end":{"line":161,"column":37}},"77":{"start":{"line":163,"column":19},"end":{"line":163,"column":65}},"78":{"start":{"line":165,"column":4},"end":{"line":174,"column":5}},"79":{"start":{"line":166,"column":6},"end":{"line":169,"column":8}},"80":{"start":{"line":170,"column":6},"end":{"line":170,"column":38}},"81":{"start":{"line":171,"column":6},"end":{"line":171,"column":34}},"82":{"start":{"line":173,"column":6},"end":{"line":173,"column":40}},"83":{"start":{"line":175,"column":4},"end":{"line":175,"column":43}},"84":{"start":{"line":177,"column":2},"end":{"line":177,"column":40}},"85":{"start":{"line":178,"column":2},"end":{"line":178,"column":16}},"86":{"start":{"line":180,"column":0},"end":{"line":251,"column":2}},"87":{"start":{"line":181,"column":24},"end":{"line":181,"column":34}},"88":{"start":{"line":182,"column":24},"end":{"line":182,"column":26}},"89":{"start":{"line":183,"column":2},"end":{"line":248,"column":5}},"90":{"start":{"line":184,"column":21},"end":{"line":184,"column":35}},"91":{"start":{"line":185,"column":26},"end":{"line":185,"column":45}},"92":{"start":{"line":186,"column":20},"end":{"line":186,"column":33}},"93":{"start":{"line":188,"column":23},"end":{"line":188,"column":39}},"94":{"start":{"line":189,"column":20},"end":{"line":189,"column":33}},"95":{"start":{"line":190,"column":22},"end":{"line":190,"column":29}},"96":{"start":{"line":191,"column":19},"end":{"line":191,"column":30}},"97":{"start":{"line":193,"column":20},"end":{"line":193,"column":33}},"98":{"start":{"line":194,"column":23},"end":{"line":194,"column":39}},"99":{"start":{"line":195,"column":23},"end":{"line":195,"column":39}},"100":{"start":{"line":196,"column":26},"end":{"line":196,"column":45}},"101":{"start":{"line":199,"column":20},"end":{"line":199,"column":69}},"102":{"start":{"line":200,"column":4},"end":{"line":209,"column":5}},"103":{"start":{"line":201,"column":6},"end":{"line":204,"column":8}},"104":{"start":{"line":205,"column":6},"end":{"line":205,"column":39}},"105":{"start":{"line":206,"column":6},"end":{"line":206,"column":34}},"106":{"start":{"line":208,"column":6},"end":{"line":208,"column":41}},"107":{"start":{"line":210,"column":20},"end":{"line":210,"column":66}},"108":{"start":{"line":212,"column":4},"end":{"line":221,"column":5}},"109":{"start":{"line":213,"column":6},"end":{"line":216,"column":8}},"110":{"start":{"line":217,"column":6},"end":{"line":217,"column":39}},"111":{"start":{"line":218,"column":6},"end":{"line":218,"column":35}},"112":{"start":{"line":220,"column":6},"end":{"line":220,"column":42}},"113":{"start":{"line":223,"column":19},"end":{"line":227,"column":5}},"114":{"start":{"line":229,"column":4},"end":{"line":238,"column":5}},"115":{"start":{"line":230,"column":6},"end":{"line":233,"column":8}},"116":{"start":{"line":234,"column":6},"end":{"line":234,"column":54}},"117":{"start":{"line":235,"column":6},"end":{"line":235,"column":50}},"118":{"start":{"line":237,"column":6},"end":{"line":237,"column":56}},"119":{"start":{"line":240,"column":26},"end":{"line":246,"column":5}},"120":{"start":{"line":247,"column":4},"end":{"line":247,"column":43}},"121":{"start":{"line":249,"column":2},"end":{"line":249,"column":43}},"122":{"start":{"line":250,"column":2},"end":{"line":250,"column":16}},"123":{"start":{"line":274,"column":0},"end":{"line":274,"column":23}}},"fnMap":{"0":{"name":"(anonymous_0)","decl":{"start":{"line":4,"column":22},"end":{"line":4,"column":23}},"loc":{"start":{"line":4,"column":42},"end":{"line":20,"column":1}},"line":4},"1":{"name":"(anonymous_1)","decl":{"start":{"line":13,"column":4},"end":{"line":13,"column":5}},"loc":{"start":{"line":13,"column":21},"end":{"line":18,"column":5}},"line":13},"2":{"name":"(anonymous_2)","decl":{"start":{"line":21,"column":21},"end":{"line":21,"column":22}},"loc":{"start":{"line":21,"column":41},"end":{"line":36,"column":1}},"line":21},"3":{"name":"(anonymous_3)","decl":{"start":{"line":29,"column":4},"end":{"line":29,"column":5}},"loc":{"start":{"line":29,"column":21},"end":{"line":34,"column":5}},"line":29},"4":{"name":"(anonymous_4)","decl":{"start":{"line":37,"column":20},"end":{"line":37,"column":21}},"loc":{"start":{"line":37,"column":40},"end":{"line":58,"column":1}},"line":37},"5":{"name":"(anonymous_5)","decl":{"start":{"line":51,"column":4},"end":{"line":51,"column":5}},"loc":{"start":{"line":51,"column":21},"end":{"line":56,"column":5}},"line":51},"6":{"name":"(anonymous_6)","decl":{"start":{"line":59,"column":15},"end":{"line":59,"column":16}},"loc":{"start":{"line":59,"column":35},"end":{"line":82,"column":1}},"line":59},"7":{"name":"(anonymous_7)","decl":{"start":{"line":75,"column":4},"end":{"line":75,"column":5}},"loc":{"start":{"line":75,"column":21},"end":{"line":80,"column":5}},"line":75},"8":{"name":"(anonymous_8)","decl":{"start":{"line":83,"column":14},"end":{"line":83,"column":15}},"loc":{"start":{"line":83,"column":34},"end":{"line":104,"column":1}},"line":83},"9":{"name":"(anonymous_9)","decl":{"start":{"line":97,"column":16},"end":{"line":97,"column":17}},"loc":{"start":{"line":97,"column":33},"end":{"line":103,"column":3}},"line":97},"10":{"name":"(anonymous_10)","decl":{"start":{"line":106,"column":28},"end":{"line":106,"column":29}},"loc":{"start":{"line":106,"column":48},"end":{"line":133,"column":1}},"line":106},"11":{"name":"(anonymous_11)","decl":{"start":{"line":135,"column":18},"end":{"line":135,"column":19}},"loc":{"start":{"line":135,"column":39},"end":{"line":142,"column":1}},"line":135},"12":{"name":"(anonymous_12)","decl":{"start":{"line":143,"column":17},"end":{"line":143,"column":18}},"loc":{"start":{"line":143,"column":37},"end":{"line":179,"column":1}},"line":143},"13":{"name":"(anonymous_13)","decl":{"start":{"line":146,"column":20},"end":{"line":146,"column":21}},"loc":{"start":{"line":146,"column":30},"end":{"line":176,"column":3}},"line":146},"14":{"name":"(anonymous_14)","decl":{"start":{"line":180,"column":20},"end":{"line":180,"column":21}},"loc":{"start":{"line":180,"column":40},"end":{"line":251,"column":1}},"line":180},"15":{"name":"(anonymous_15)","decl":{"start":{"line":183,"column":20},"end":{"line":183,"column":21}},"loc":{"start":{"line":183,"column":30},"end":{"line":248,"column":3}},"line":183}},"branchMap":{"0":{"loc":{"start":{"line":14,"column":6},"end":{"line":14,"column":32}},"type":"if","locations":[{"start":{"line":14,"column":6},"end":{"line":14,"column":32}},{"start":{"line":14,"column":6},"end":{"line":14,"column":32}}],"line":14},"1":{"loc":{"start":{"line":30,"column":6},"end":{"line":30,"column":32}},"type":"if","locations":[{"start":{"line":30,"column":6},"end":{"line":30,"column":32}},{"start":{"line":30,"column":6},"end":{"line":30,"column":32}}],"line":30},"2":{"loc":{"start":{"line":52,"column":6},"end":{"line":52,"column":32}},"type":"if","locations":[{"start":{"line":52,"column":6},"end":{"line":52,"column":32}},{"start":{"line":52,"column":6},"end":{"line":52,"column":32}}],"line":52},"3":{"loc":{"start":{"line":76,"column":6},"end":{"line":76,"column":32}},"type":"if","locations":[{"start":{"line":76,"column":6},"end":{"line":76,"column":32}},{"start":{"line":76,"column":6},"end":{"line":76,"column":32}}],"line":76},"4":{"loc":{"start":{"line":98,"column":4},"end":{"line":98,"column":30}},"type":"if","locations":[{"start":{"line":98,"column":4},"end":{"line":98,"column":30}},{"start":{"line":98,"column":4},"end":{"line":98,"column":30}}],"line":98},"5":{"loc":{"start":{"line":117,"column":4},"end":{"line":125,"column":5}},"type":"if","locations":[{"start":{"line":117,"column":4},"end":{"line":125,"column":5}},{"start":{"line":117,"column":4},"end":{"line":125,"column":5}}],"line":117},"6":{"loc":{"start":{"line":137,"column":4},"end":{"line":139,"column":5}},"type":"if","locations":[{"start":{"line":137,"column":4},"end":{"line":139,"column":5}},{"start":{"line":137,"column":4},"end":{"line":139,"column":5}}],"line":137},"7":{"loc":{"start":{"line":153,"column":4},"end":{"line":162,"column":5}},"type":"if","locations":[{"start":{"line":153,"column":4},"end":{"line":162,"column":5}},{"start":{"line":153,"column":4},"end":{"line":162,"column":5}}],"line":153},"8":{"loc":{"start":{"line":165,"column":4},"end":{"line":174,"column":5}},"type":"if","locations":[{"start":{"line":165,"column":4},"end":{"line":174,"column":5}},{"start":{"line":165,"column":4},"end":{"line":174,"column":5}}],"line":165},"9":{"loc":{"start":{"line":200,"column":4},"end":{"line":209,"column":5}},"type":"if","locations":[{"start":{"line":200,"column":4},"end":{"line":209,"column":5}},{"start":{"line":200,"column":4},"end":{"line":209,"column":5}}],"line":200},"10":{"loc":{"start":{"line":212,"column":4},"end":{"line":221,"column":5}},"type":"if","locations":[{"start":{"line":212,"column":4},"end":{"line":221,"column":5}},{"start":{"line":212,"column":4},"end":{"line":221,"column":5}}],"line":212},"11":{"loc":{"start":{"line":229,"column":4},"end":{"line":238,"column":5}},"type":"if","locations":[{"start":{"line":229,"column":4},"end":{"line":238,"column":5}},{"start":{"line":229,"column":4},"end":{"line":238,"column":5}}],"line":229}},"s":{"0":1,"1":1,"2":1,"3":0,"4":0,"5":0,"6":0,"7":0,"8":0,"9":1,"10":0,"11":0,"12":0,"13":0,"14":0,"15":0,"16":1,"17":0,"18":0,"19":0,"20":0,"21":0,"22":0,"23":0,"24":1,"25":0,"26":0,"27":0,"28":0,"29":0,"30":0,"31":0,"32":1,"33":0,"34":0,"35":0,"36":0,"37":0,"38":0,"39":0,"40":0,"41":1,"42":0,"43":0,"44":0,"45":0,"46":0,"47":0,"48":0,"49":0,"50":0,"51":0,"52":0,"53":0,"54":0,"55":0,"56":0,"57":0,"58":1,"59":0,"60":0,"61":0,"62":0,"63":0,"64":1,"65":0,"66":0,"67":0,"68":0,"69":0,"70":0,"71":0,"72":0,"73":0,"74":0,"75":0,"76":0,"77":0,"78":0,"79":0,"80":0,"81":0,"82":0,"83":0,"84":0,"85":0,"86":1,"87":0,"88":0,"89":0,"90":0,"91":0,"92":0,"93":0,"94":0,"95":0,"96":0,"97":0,"98":0,"99":0,"100":0,"101":0,"102":0,"103":0,"104":0,"105":0,"106":0,"107":0,"108":0,"109":0,"110":0,"111":0,"112":0,"113":0,"114":0,"115":0,"116":0,"117":0,"118":0,"119":0,"120":0,"121":0,"122":0,"123":1},"f":{"0":0,"1":0,"2":0,"3":0,"4":0,"5":0,"6":0,"7":0,"8":0,"9":0,"10":0,"11":0,"12":0,"13":0,"14":0,"15":0},"b":{"0":[0,0],"1":[0,0],"2":[0,0],"3":[0,0],"4":[0,0],"5":[0,0],"6":[0,0],"7":[0,0],"8":[0,0],"9":[0,0],"10":[0,0],"11":[0,0]},"_coverageSchema":"1a1c01bbd47fc00a2c39e90264f33305004495a9","hash":"d383749396a164123f57f7e333d1136929da8cae"}
,"/Users/justingillespie/Github/Allok8/server/models/dbmodel.js": {"path":"/Users/justingillespie/Github/Allok8/server/models/dbmodel.js","statementMap":{"0":{"start":{"line":1,"column":17},"end":{"line":1,"column":30}},"1":{"start":{"line":3,"column":13},"end":{"line":5,"column":2}},"2":{"start":{"line":7,"column":0},"end":{"line":12,"column":2}},"3":{"start":{"line":9,"column":4},"end":{"line":9,"column":43}},"4":{"start":{"line":10,"column":4},"end":{"line":10,"column":46}}},"fnMap":{"0":{"name":"(anonymous_0)","decl":{"start":{"line":8,"column":9},"end":{"line":8,"column":10}},"loc":{"start":{"line":8,"column":37},"end":{"line":11,"column":3}},"line":8}},"branchMap":{},"s":{"0":1,"1":1,"2":1,"3":0,"4":0},"f":{"0":0},"b":{},"_coverageSchema":"1a1c01bbd47fc00a2c39e90264f33305004495a9","hash":"6817186bcefa20438ccdce40961f842496eb0338"}
}
