TN:
SF:__test__/mock-data/api-token-mock-data.js
FNF:0
FNH:0
LF:0
LH:0
BRF:0
BRH:0
end_of_record
TN:
SF:server/controllers/curlController.js
FN:5,(anonymous_0)
FN:14,(anonymous_1)
FN:24,(anonymous_2)
FN:44,(anonymous_3)
FN:55,(anonymous_4)
FN:87,(anonymous_5)
FN:97,(anonymous_6)
FN:111,(anonymous_7)
FN:122,(anonymous_8)
FN:135,(anonymous_9)
FN:137,(anonymous_10)
FN:138,(anonymous_11)
FN:149,(anonymous_12)
FN:152,(anonymous_13)
FNF:14
FNH:1
FNDA:1,(anonymous_0)
FNDA:0,(anonymous_1)
FNDA:0,(anonymous_2)
FNDA:0,(anonymous_3)
FNDA:0,(anonymous_4)
FNDA:0,(anonymous_5)
FNDA:0,(anonymous_6)
FNDA:0,(anonymous_7)
FNDA:0,(anonymous_8)
FNDA:0,(anonymous_9)
FNDA:0,(anonymous_10)
FNDA:0,(anonymous_11)
FNDA:0,(anonymous_12)
FNDA:0,(anonymous_13)
DA:1,1
DA:3,1
DA:5,1
DA:7,1
DA:8,1
DA:9,1
DA:10,1
DA:12,1
DA:16,0
DA:17,0
DA:19,0
DA:21,0
DA:22,0
DA:24,0
DA:26,0
DA:27,0
DA:31,0
DA:33,0
DA:38,0
DA:44,1
DA:46,0
DA:47,0
DA:48,0
DA:49,0
DA:52,0
DA:53,0
DA:57,0
DA:58,0
DA:60,0
DA:61,0
DA:62,0
DA:66,0
DA:69,0
DA:71,0
DA:73,0
DA:77,0
DA:82,0
DA:87,1
DA:89,0
DA:90,0
DA:91,0
DA:92,0
DA:95,0
DA:99,0
DA:100,0
DA:103,0
DA:106,0
DA:111,1
DA:113,0
DA:114,0
DA:115,0
DA:116,0
DA:119,0
DA:120,0
DA:124,0
DA:125,0
DA:127,0
DA:130,0
DA:135,1
DA:136,0
DA:137,0
DA:138,0
DA:139,0
DA:140,0
DA:141,0
DA:144,0
DA:145,0
DA:149,0
DA:150,0
DA:152,0
DA:154,0
DA:155,0
DA:159,0
DA:160,0
DA:165,0
DA:169,1
LF:76
LH:13
BRDA:8,0,0,1
BRDA:8,0,1,0
BRDA:8,1,0,1
BRDA:8,1,1,1
BRDA:16,2,0,0
BRDA:16,2,1,0
BRDA:26,3,0,0
BRDA:26,3,1,0
BRDA:47,4,0,0
BRDA:47,4,1,0
BRDA:47,5,0,0
BRDA:47,5,1,0
BRDA:57,6,0,0
BRDA:57,6,1,0
BRDA:69,7,0,0
BRDA:69,7,1,0
BRDA:90,8,0,0
BRDA:90,8,1,0
BRDA:90,9,0,0
BRDA:90,9,1,0
BRDA:99,10,0,0
BRDA:99,10,1,0
BRDA:114,11,0,0
BRDA:114,11,1,0
BRDA:114,12,0,0
BRDA:114,12,1,0
BRDA:124,13,0,0
BRDA:124,13,1,0
BRDA:139,14,0,0
BRDA:139,14,1,0
BRDA:144,15,0,0
BRDA:144,15,1,0
BRDA:154,16,0,0
BRDA:154,16,1,0
BRDA:159,17,0,0
BRDA:159,17,1,0
BRF:36
BRH:3
end_of_record
TN:
SF:server/controllers/dbGet.js
FN:4,(anonymous_0)
FN:13,(anonymous_1)
FN:21,(anonymous_2)
FN:29,(anonymous_3)
FN:37,(anonymous_4)
FN:51,(anonymous_5)
FN:59,(anonymous_6)
FN:75,(anonymous_7)
FN:83,(anonymous_8)
FN:97,(anonymous_9)
FN:106,(anonymous_10)
FN:135,(anonymous_11)
FN:143,(anonymous_12)
FN:146,(anonymous_13)
FN:180,(anonymous_14)
FN:183,(anonymous_15)
FNF:16
FNH:0
FNDA:0,(anonymous_0)
FNDA:0,(anonymous_1)
FNDA:0,(anonymous_2)
FNDA:0,(anonymous_3)
FNDA:0,(anonymous_4)
FNDA:0,(anonymous_5)
FNDA:0,(anonymous_6)
FNDA:0,(anonymous_7)
FNDA:0,(anonymous_8)
FNDA:0,(anonymous_9)
FNDA:0,(anonymous_10)
FNDA:0,(anonymous_11)
FNDA:0,(anonymous_12)
FNDA:0,(anonymous_13)
FNDA:0,(anonymous_14)
FNDA:0,(anonymous_15)
DA:1,1
DA:2,1
DA:4,1
DA:5,0
DA:14,0
DA:15,0
DA:16,0
DA:17,0
DA:21,1
DA:22,0
DA:30,0
DA:31,0
DA:32,0
DA:33,0
DA:37,1
DA:38,0
DA:39,0
DA:52,0
DA:53,0
DA:54,0
DA:55,0
DA:59,1
DA:60,0
DA:61,0
DA:76,0
DA:77,0
DA:78,0
DA:79,0
DA:83,1
DA:84,0
DA:85,0
DA:98,0
DA:99,0
DA:100,0
DA:101,0
DA:102,0
DA:106,1
DA:107,0
DA:108,0
DA:109,0
DA:110,0
DA:111,0
DA:113,0
DA:114,0
DA:115,0
DA:117,0
DA:118,0
DA:122,0
DA:124,0
DA:126,0
DA:131,0
DA:132,0
DA:135,1
DA:136,0
DA:137,0
DA:138,0
DA:141,0
DA:143,1
DA:144,0
DA:145,0
DA:146,0
DA:147,0
DA:148,0
DA:149,0
DA:152,0
DA:153,0
DA:154,0
DA:158,0
DA:159,0
DA:161,0
DA:163,0
DA:165,0
DA:166,0
DA:170,0
DA:171,0
DA:173,0
DA:175,0
DA:177,0
DA:178,0
DA:180,1
DA:181,0
DA:182,0
DA:183,0
DA:184,0
DA:185,0
DA:186,0
DA:188,0
DA:189,0
DA:190,0
DA:191,0
DA:193,0
DA:194,0
DA:195,0
DA:196,0
DA:199,0
DA:200,0
DA:201,0
DA:205,0
DA:206,0
DA:208,0
DA:210,0
DA:212,0
DA:213,0
DA:217,0
DA:218,0
DA:220,0
DA:223,0
DA:229,0
DA:230,0
DA:234,0
DA:235,0
DA:237,0
DA:240,0
DA:247,0
DA:249,0
DA:250,0
DA:274,1
LF:117
LH:12
BRDA:14,0,0,0
BRDA:14,0,1,0
BRDA:30,1,0,0
BRDA:30,1,1,0
BRDA:52,2,0,0
BRDA:52,2,1,0
BRDA:76,3,0,0
BRDA:76,3,1,0
BRDA:98,4,0,0
BRDA:98,4,1,0
BRDA:117,5,0,0
BRDA:117,5,1,0
BRDA:137,6,0,0
BRDA:137,6,1,0
BRDA:153,7,0,0
BRDA:153,7,1,0
BRDA:165,8,0,0
BRDA:165,8,1,0
BRDA:200,9,0,0
BRDA:200,9,1,0
BRDA:212,10,0,0
BRDA:212,10,1,0
BRDA:229,11,0,0
BRDA:229,11,1,0
BRF:24
BRH:0
end_of_record
TN:
SF:server/models/dbmodel.js
FN:8,(anonymous_0)
FNF:1
FNH:0
FNDA:0,(anonymous_0)
DA:1,1
DA:3,1
DA:7,1
DA:9,0
DA:10,0
LF:5
LH:3
BRF:0
BRH:0
end_of_record
